============================= test session starts ==============================
platform linux -- Python 3.10.12, pytest-8.3.5, pluggy-1.5.0 -- /home/trim/Documents/GitHub/flybody/daf/venv/bin/python
cachedir: .pytest_cache
rootdir: /home/trim/Documents/GitHub/flybody
configfile: pyproject.toml
collecting ... collected 18 items

tests/test_core.py::test_can_create_and_run_environment PASSED           [  5%]
tests/test_core.py::test_action_corruptor PASSED                         [ 11%]
tests/test_core.py::test_ctrl_callback PASSED                            [ 16%]
tests/test_flybare.py::test_fly_parameters PASSED                        [ 22%]
tests/test_flybare.py::test_fly_masses PASSED                            [ 27%]
tests/test_flybare.py::test_control_ranges_match_joint_ranges PASSED     [ 33%]
tests/test_flybare.py::test_can_compile_and_step_simulation PASSED       [ 38%]
tests/test_flywalker.py::test_fly_bulletproof PASSED                     [ 44%]
tests/test_flywalker.py::test_force_actuators PASSED                     [ 50%]
tests/test_flywalker.py::test_filterexact PASSED                         [ 55%]
tests/test_flywalker.py::test_prev_action PASSED                         [ 61%]
tests/test_flywalker.py::test_evaluate_observables PASSED                [ 66%]
tests/test_flywalker.py::test_proprioception PASSED                      [ 72%]
tests/test_flywalker.py::test_vestibular PASSED                          [ 77%]
tests/test_flywalker.py::test_orientation PASSED                         [ 83%]
tests/test_flywalker.py::test_set_name PASSED                            [ 88%]
tests/test_walking_env.py::test_can_create_env_inference_mode PASSED     [ 94%]
tests/test_walking_env.py::test_can_step_env_inference_mode PASSED       [100%]

======================== 18 passed in 301.69s (0:05:01) ========================
